<?xml version="1.0" encoding="UTF-8"?>
<!-- Generated by org.testng.reporters.JUnitReportReporter -->
<testsuite hostname="DESKTOP-H3C7SM4" name="com.Test.LoginTest" tests="1" failures="0" timestamp="6 Sep 2019 18:57:35 GMT" time="19.106" errors="0">
  <testcase name="logintest" time="19.106" classname="com.Test.LoginTest"/>
</testsuite> <!-- com.Test.LoginTest -->
