<?xml version="1.0" encoding="UTF-8"?>
<!-- Generated by org.testng.reporters.JUnitReportReporter -->
<testsuite skipped="0" hostname="DESKTOP-H3C7SM4" name="com.OrangeHRM.Testing" tests="2" failures="0" timestamp="10 Sep 2019 06:29:16 GMT" time="0.011" errors="0">
  <testcase name="t2" time="0.003" classname="com.OrangeHRM.Testing"/>
  <testcase name="t1" time="0.008" classname="com.OrangeHRM.Testing"/>
</testsuite> <!-- com.OrangeHRM.Testing -->
