<?xml version="1.0" encoding="UTF-8"?>
<!-- Generated by org.testng.reporters.JUnitReportReporter -->
<testsuite skipped="0" hostname="DESKTOP-H3C7SM4" name="Gcreddy1.Testcase2" tests="4" failures="0" timestamp="19 Aug 2019 06:27:58 GMT" time="22.393" errors="0">
  <testcase name="launchBrowser" time="5.312" classname="Gcreddy1.Testcase2"/>
  <testcase name="verifyTitle" time="3.812" classname="Gcreddy1.Testcase2"/>
  <testcase name="verifygcrshop" time="7.844" classname="Gcreddy1.Testcase2"/>
  <testcase name="closeBrowser" time="5.425" classname="Gcreddy1.Testcase2"/>
</testsuite> <!-- Gcreddy1.Testcase2 -->
