<?xml version="1.0" encoding="UTF-8"?>
<!-- Generated by org.testng.reporters.JUnitReportReporter -->
<testsuite skipped="0" hostname="DESKTOP-H3C7SM4" name="com.OrangeHRM.AddEmployee" tests="1" failures="0" timestamp="16 Sep 2019 12:30:44 GMT" time="10.241" errors="0">
  <testcase name="addemployeereg" time="10.241" classname="com.OrangeHRM.AddEmployee"/>
</testsuite> <!-- com.OrangeHRM.AddEmployee -->
