<?xml version="1.0" encoding="UTF-8"?>
<!-- Generated by org.testng.reporters.JUnitReportReporter -->
<testsuite skipped="0" hostname="DESKTOP-H3C7SM4" name="com.Practice.TestNG_Practice" tests="1" failures="0" timestamp="05 Sep 2019 09:23:59 GMT" time="9.858" errors="0">
  <testcase name="verifyPage" time="9.858" classname="com.Practice.TestNG_Practice"/>
</testsuite> <!-- com.Practice.TestNG_Practice -->
