<?xml version="1.0" encoding="UTF-8"?>
<!-- Generated by org.testng.reporters.JUnitReportReporter -->
<testsuite skipped="0" hostname="DESKTOP-H3C7SM4" name="com.Practice.Invocation_multiplePrint" tests="10" failures="0" timestamp="24 Aug 2019 11:21:15 GMT" time="0.024" errors="0">
  <testcase name="title1" time="0.001" classname="com.Practice.Invocation_multiplePrint"/>
  <testcase name="title1" time="0.002" classname="com.Practice.Invocation_multiplePrint"/>
  <testcase name="title1" time="0.001" classname="com.Practice.Invocation_multiplePrint"/>
  <testcase name="title1" time="0.001" classname="com.Practice.Invocation_multiplePrint"/>
  <testcase name="title1" time="0.001" classname="com.Practice.Invocation_multiplePrint"/>
  <testcase name="title1" time="0.002" classname="com.Practice.Invocation_multiplePrint"/>
  <testcase name="title1" time="0.010" classname="com.Practice.Invocation_multiplePrint"/>
  <testcase name="title1" time="0.002" classname="com.Practice.Invocation_multiplePrint"/>
  <testcase name="title1" time="0.003" classname="com.Practice.Invocation_multiplePrint"/>
  <testcase name="title1" time="0.001" classname="com.Practice.Invocation_multiplePrint"/>
</testsuite> <!-- com.Practice.Invocation_multiplePrint -->
