<?xml version="1.0" encoding="UTF-8"?>
<!-- Generated by org.testng.reporters.JUnitReportReporter -->
<testsuite skipped="0" hostname="DESKTOP-H3C7SM4" name="com.DBtest.NewtourLogin" tests="1" failures="0" timestamp="09 Sep 2019 16:45:50 GMT" time="0.047" errors="0">
  <testcase name="login" time="0.047" classname="com.DBtest.NewtourLogin"/>
</testsuite> <!-- com.DBtest.NewtourLogin -->
