<?xml version="1.0" encoding="UTF-8"?>
<!-- Generated by org.testng.reporters.JUnitReportReporter -->
<testsuite skipped="0" hostname="DESKTOP-H3C7SM4" name="com.Practice.Class1_Annotations" tests="3" failures="0" timestamp="24 Aug 2019 10:24:51 GMT" time="0.013" errors="0">
  <testcase name="title3" time="0.003" classname="com.Practice.Class1_Annotations"/>
  <testcase name="title1" time="0.006" classname="com.Practice.Class1_Annotations"/>
  <testcase name="title2" time="0.004" classname="com.Practice.Class1_Annotations"/>
</testsuite> <!-- com.Practice.Class1_Annotations -->
