<?xml version="1.0" encoding="UTF-8"?>
<!-- Generated by org.testng.reporters.JUnitReportReporter -->
<testsuite skipped="0" hostname="DESKTOP-H3C7SM4" name="com.OrangeHRM.LoginTest" tests="1" failures="0" timestamp="09 Sep 2019 17:05:25 GMT" time="4.677" errors="0">
  <testcase name="login" time="4.677" classname="com.OrangeHRM.LoginTest"/>
</testsuite> <!-- com.OrangeHRM.LoginTest -->
