<?xml version="1.0" encoding="UTF-8"?>
<!-- Generated by org.testng.reporters.JUnitReportReporter -->
<testsuite skipped="0" hostname="DESKTOP-H3C7SM4" name="Gcreddy1.After_Before" tests="2" failures="0" timestamp="29 Aug 2019 20:42:24 GMT" time="23.061" errors="0">
  <testcase name="verifyTitle" time="11.359" classname="Gcreddy1.After_Before"/>
  <testcase name="verifygcrshop" time="11.702" classname="Gcreddy1.After_Before"/>
</testsuite> <!-- Gcreddy1.After_Before -->
