<?xml version="1.0" encoding="UTF-8"?>
<!-- Generated by org.testng.reporters.JUnitReportReporter -->
<testsuite skipped="0" hostname="DESKTOP-H3C7SM4" name="com.GCreddy.After_Before" tests="2" failures="0" timestamp="26 Sep 2019 16:50:13 GMT" time="25.749" errors="0">
  <testcase name="verifyTitle" time="14.391" classname="com.GCreddy.After_Before"/>
  <testcase name="verifygcrshop" time="11.358" classname="com.GCreddy.After_Before"/>
</testsuite> <!-- com.GCreddy.After_Before -->
