<?xml version="1.0" encoding="UTF-8"?>
<!-- Generated by org.testng.reporters.JUnitReportReporter -->
<testsuite skipped="0" hostname="DESKTOP-H3C7SM4" name="com.Practice.Claas3" tests="1" failures="0" timestamp="26 Aug 2019 04:39:27 GMT" time="8.231" errors="0">
  <testcase name="gamil" time="8.231" classname="com.Practice.Claas3"/>
</testsuite> <!-- com.Practice.Claas3 -->
