<?xml version="1.0" encoding="UTF-8"?>
<!-- Generated by org.testng.reporters.JUnitReportReporter -->
<testsuite skipped="0" hostname="DESKTOP-H3C7SM4" name="com.OrangeHRM.LoginPage" tests="1" failures="0" timestamp="21 Sep 2019 05:28:11 GMT" time="7.088" errors="0">
  <testcase name="login" time="7.088" classname="com.OrangeHRM.LoginPage"/>
</testsuite> <!-- com.OrangeHRM.LoginPage -->
