<?xml version="1.0" encoding="UTF-8"?>
<!-- Generated by org.testng.reporters.JUnitReportReporter -->
<testsuite skipped="0" hostname="DESKTOP-H3C7SM4" name="com.Practice.Class2" tests="2" failures="0" timestamp="24 Aug 2019 11:04:53 GMT" time="20.177" errors="0">
  <testcase name="title1" time="10.511" classname="com.Practice.Class2"/>
  <testcase name="image1" time="9.666" classname="com.Practice.Class2"/>
</testsuite> <!-- com.Practice.Class2 -->
