<?xml version="1.0" encoding="UTF-8"?>
<!-- Generated by org.testng.reporters.JUnitReportReporter -->
<testsuite skipped="0" hostname="DESKTOP-H3C7SM4" name="Gcreddy1.Before_AfterClass" tests="2" failures="0" timestamp="29 Aug 2019 20:44:03 GMT" time="5.521" errors="0">
  <testcase name="verifyTitle" time="1.123" classname="Gcreddy1.Before_AfterClass"/>
  <testcase name="verifygcrshop" time="4.398" classname="Gcreddy1.Before_AfterClass"/>
</testsuite> <!-- Gcreddy1.Before_AfterClass -->
