<?xml version="1.0" encoding="UTF-8"?>
<!-- Generated by org.testng.reporters.JUnitReportReporter -->
<testsuite skipped="0" hostname="DESKTOP-H3C7SM4" name="com.NewTourPaageTest.LoginPageTest" tests="4" failures="0" timestamp="31 Aug 2019 17:45:40 GMT" time="41.871" errors="0">
  <testcase name="supportTest" time="9.708" classname="com.NewTourPaageTest.LoginPageTest"/>
  <testcase name="signontest" time="8.879" classname="com.NewTourPaageTest.LoginPageTest"/>
  <testcase name="registrationtest" time="13.822" classname="com.NewTourPaageTest.LoginPageTest"/>
  <testcase name="contactTest" time="9.462" classname="com.NewTourPaageTest.LoginPageTest"/>
</testsuite> <!-- com.NewTourPaageTest.LoginPageTest -->
