<?xml version="1.0" encoding="UTF-8"?>
<!-- Generated by org.testng.reporters.JUnitReportReporter -->
<testsuite skipped="0" hostname="DESKTOP-H3C7SM4" name="com.SushanthTest.Dateset" tests="1" failures="0" timestamp="10 Dec 2019 13:53:18 GMT" time="7.747" errors="0">
  <testcase name="setdate" time="7.747" classname="com.SushanthTest.Dateset"/>
</testsuite> <!-- com.SushanthTest.Dateset -->
