<?xml version="1.0" encoding="UTF-8"?>
<!-- Generated by org.testng.reporters.JUnitReportReporter -->
<testsuite skipped="0" hostname="DESKTOP-H3C7SM4" name="com.ExtentReports.Reports" tests="1" failures="0" timestamp="20 Oct 2019 09:07:10 GMT" time="0.021" errors="0">
  <testcase name="extentReportsDemo" time="0.021" classname="com.ExtentReports.Reports"/>
</testsuite> <!-- com.ExtentReports.Reports -->
