<?xml version="1.0" encoding="UTF-8"?>
<!-- Generated by org.testng.reporters.JUnitReportReporter -->
<testsuite skipped="0" hostname="DESKTOP-H3C7SM4" name="com.Webpagetest.RegisterPageTest" tests="2" failures="0" timestamp="17 Sep 2019 07:55:15 GMT" time="39.947" errors="0">
  <testcase name="verifyRegisterPageTitleTest" time="13.336" classname="com.Webpagetest.RegisterPageTest"/>
  <testcase name="newRegisterTest" time="26.611" classname="com.Webpagetest.RegisterPageTest"/>
</testsuite> <!-- com.Webpagetest.RegisterPageTest -->
