<?xml version="1.0" encoding="UTF-8"?>
<!-- Generated by org.testng.reporters.JUnitReportReporter -->
<testsuite skipped="0" hostname="DESKTOP-H3C7SM4" name="com.Webpagetest.HomePageTest" tests="3" failures="0" timestamp="17 Sep 2019 06:41:36 GMT" time="42.763" errors="0">
  <testcase name="signin" time="15.498" classname="com.Webpagetest.HomePageTest"/>
  <testcase name="signin" time="11.502" classname="com.Webpagetest.HomePageTest"/>
  <testcase name="signin" time="15.763" classname="com.Webpagetest.HomePageTest"/>
</testsuite> <!-- com.Webpagetest.HomePageTest -->
