<?xml version="1.0" encoding="UTF-8"?>
<!-- Generated by org.testng.reporters.JUnitReportReporter -->
<testsuite skipped="0" hostname="DESKTOP-H3C7SM4" name="com.Webpagetest.SignOnPageTest" tests="4" failures="0" timestamp="14 Sep 2019 16:07:30 GMT" time="146.669" errors="0">
  <testcase name="verifyTitleTest" time="13.149" classname="com.Webpagetest.SignOnPageTest"/>
  <testcase name="signOnTest" time="42.779" classname="com.Webpagetest.SignOnPageTest"/>
  <testcase name="signOnTest" time="44.752" classname="com.Webpagetest.SignOnPageTest"/>
  <testcase name="signOnTest" time="45.989" classname="com.Webpagetest.SignOnPageTest"/>
</testsuite> <!-- com.Webpagetest.SignOnPageTest -->
