<?xml version="1.0" encoding="UTF-8"?>
<!-- Generated by org.testng.reporters.JUnitReportReporter -->
<testsuite skipped="1" hostname="DESKTOP-H3C7SM4" name="com.Ohrm.Testcases.HomePageTest" tests="1" failures="0" timestamp="16 Oct 2019 08:47:45 GMT" time="0.000" errors="0">
  <testcase name="homepagevalidatioontest" time="0.000" classname="com.Ohrm.Testcases.HomePageTest">
    <skipped/>
  </testcase> <!-- homepagevalidatioontest -->
</testsuite> <!-- com.Ohrm.Testcases.HomePageTest -->
