<?xml version="1.0" encoding="UTF-8"?>
<!-- Generated by org.testng.reporters.JUnitReportReporter -->
<testsuite skipped="0" hostname="DESKTOP-H3C7SM4" name="com.Ohrm.Testcases.EmployeepagelistTest" tests="2" failures="0" timestamp="24 Sep 2019 16:25:06 GMT" time="64.722" errors="0">
  <testcase name="addempleelistlabletest" time="22.745" classname="com.Ohrm.Testcases.EmployeepagelistTest"/>
  <testcase name="empleelistTest" time="41.977" classname="com.Ohrm.Testcases.EmployeepagelistTest"/>
</testsuite> <!-- com.Ohrm.Testcases.EmployeepagelistTest -->
