<?xml version="1.0" encoding="UTF-8"?>
<!-- Generated by org.testng.reporters.JUnitReportReporter -->
<testsuite skipped="0" hostname="DESKTOP-H3C7SM4" name="com.YahooMAil.MultipleDataYAhoo" tests="4" failures="0" timestamp="25 Nov 2019 06:36:27 GMT" time="3.708" errors="0">
  <testcase name="loginValidation" time="0.928" classname="com.YahooMAil.MultipleDataYAhoo"/>
  <testcase name="loginValidation" time="0.478" classname="com.YahooMAil.MultipleDataYAhoo"/>
  <testcase name="loginValidation" time="1.798" classname="com.YahooMAil.MultipleDataYAhoo"/>
  <testcase name="loginValidation" time="0.504" classname="com.YahooMAil.MultipleDataYAhoo"/>
</testsuite> <!-- com.YahooMAil.MultipleDataYAhoo -->
