<?xml version="1.0" encoding="UTF-8"?>
<!-- Generated by org.testng.reporters.JUnitReportReporter -->
<testsuite skipped="0" hostname="DESKTOP-H3C7SM4" name="com.MyselfPractice.Genetest1" tests="1" failures="0" timestamp="07 Nov 2019 16:08:03 GMT" time="0.447" errors="0">
  <testcase name="display" time="0.447" classname="com.MyselfPractice.Genetest1"/>
</testsuite> <!-- com.MyselfPractice.Genetest1 -->
