<?xml version="1.0" encoding="UTF-8"?>
<!-- Generated by org.testng.reporters.JUnitReportReporter -->
<testsuite skipped="0" hostname="DESKTOP-H3C7SM4" name="com.MyselfPractice.Test1" tests="1" failures="0" timestamp="28 Oct 2019 09:59:13 GMT" time="0.125" errors="0">
  <testcase name="test1" time="0.125" classname="com.MyselfPractice.Test1"/>
</testsuite> <!-- com.MyselfPractice.Test1 -->
