<?xml version="1.0" encoding="UTF-8"?>
<!-- Generated by org.testng.reporters.JUnitReportReporter -->
<testsuite skipped="0" hostname="DESKTOP-H3C7SM4" name="com.Guru99.Dropdown" tests="1" failures="0" timestamp="01 Nov 2019 06:37:24 GMT" time="821.242" errors="0">
  <testcase name="list" time="821.242" classname="com.Guru99.Dropdown"/>
</testsuite> <!-- com.Guru99.Dropdown -->
