<?xml version="1.0" encoding="UTF-8"?>
<!-- Generated by org.testng.reporters.JUnitReportReporter -->
<testsuite skipped="0" hostname="DESKTOP-H3C7SM4" name="com.Guru99.MultipleSession" tests="3" failures="0" timestamp="21 Nov 2019 14:38:39 GMT" time="78.602" errors="0">
  <testcase name="executSessionThree" time="24.710" classname="com.Guru99.MultipleSession"/>
  <testcase name="executeSessionTwo" time="27.446" classname="com.Guru99.MultipleSession"/>
  <testcase name="executSessionOne" time="26.446" classname="com.Guru99.MultipleSession"/>
</testsuite> <!-- com.Guru99.MultipleSession -->
