<?xml version="1.0" encoding="UTF-8"?>
<!-- Generated by org.testng.reporters.JUnitReportReporter -->
<testsuite skipped="0" hostname="DESKTOP-H3C7SM4" name="com.Base.BaseTest" tests="1" failures="0" timestamp="26 Nov 2019 06:02:49 GMT" time="0.007" errors="0">
  <testcase name="tets" time="0.007" classname="com.Base.BaseTest"/>
</testsuite> <!-- com.Base.BaseTest -->
